Development Component Build (2015-11-05 11:36:41 GMT+01:00 (CET))
  Component name: tr_119_product/bl/caf/permissions
  Component vendor: htwberlin.de.tr119
  SC compartment: BPM_BEISPIEL
  Configuration: LocalDevelopment
  Location: localDevelopment
  Source code location: marcus@CE06863
  DC root folder: C:\SAP\eclipse\workspace.jdi\LocalDevelopment\BPM_BEISPIEL\htwberlin.de.tr119\tr_119_product\bl\caf\permissions\_comp\
  DC type: Content
  DC subtype: UME Permissions
  Host: CE06863

DC Model check:
   DC is available locally
   validating dependency to build plugin "sap.com/tc/bi/bp/content"
   DC model check OK

Start build plugin:
   using build plugin: sap.com/tc/bi/bp/content
   starting build plugin from : C:\SAP\eclipse\workspace.jdi\LocalDevelopment\SAP_BUILDT\sap.com\tc\bi\bp\content\_comp\gen\default\public\content\



Build Plugin 'ContentPlugin', Version 7.30 SP 10 (NW731CORE_10_REL, built on 2013-10-17 15:29:25 +0200, CL166627)
   development component:  tr_119_product/bl/caf/permissions (htwberlin.de.tr119)
      software component:  BPM_BEISPIEL (htwberlin.de.tr119)
                location:  localDevelopment
                    type:  Content, subtype UME Permissions
           build variant:  default
         source location:  marcus@CE06863
         output location:  C:\SAP\eclipse\workspace.jdi\LocalDevelopment\t2\851406D51194E19B8256E4ED7322C8B0\default
       generation folder:  C:\SAP\eclipse\workspace.jdi\LocalDevelopment\t\851406D51194E19B8256E4ED7322C8B0
       plugin start time:  2015-11-05 11:36:41 GMT+01:00 (CET)
                 Java VM:  SAP Java Server VM, 6.1.007 (1.6, SAP AG)


General options:
  convert *.xlf to *.properties: yes
  include sources for debugging: yes
 


Checking path lengths for sources
Path length checks finished in 0 seconds
 
Preparing data context..
Data context preparation finished in 0.015 seconds
 
Creating Ant build file..
  Creating output file: C:\SAP\eclipse\workspace.jdi\LocalDevelopment\t2\851406D51194E19B8256E4ED7322C8B0\default\logs\build.xml
  Using macro file:     C:\SAP\eclipse\workspace.jdi\LocalDevelopment\SAP_BUILDT\sap.com\tc\bi\bp\content\_comp\gen\default\public\content\macros\build.vm
Build file creation finished in 0.047 seconds
 
Starting Ant..
  Using build file:     C:\SAP\eclipse\workspace.jdi\LocalDevelopment\t2\851406D51194E19B8256E4ED7322C8B0\default\logs\build.xml
  Using build target:   build
  Using Ant version:    1.7.1
 
prepare:
 
createContentArchive:
  [pppacker] Packed   1 file  for entity Content Archive (Content Archive)
     [timer] Content Archive packaging finished in 0.016 seconds
 
 
createDeployArchive:
       [cda] Preparing archive for deploy unit "default"
       [cda]   deployment type: "J2EE"
       [cda]   assembly roots: 
       [cda]     C:\SAP\eclipse\workspace.jdi\LocalDevelopment\t\851406D51194E19B8256E4ED7322C8B0\.ump
       [cda]     C:\SAP\eclipse\workspace.jdi\LocalDevelopment\t\851406D51194E19B8256E4ED7322C8B0\.ump
 
       [cda] Creating Ant build file: C:\SAP\eclipse\workspace.jdi\LocalDevelopment\t2\851406D51194E19B8256E4ED7322C8B0\default\logs\buildDeployArchive.xml
 
 
       [cda] Creating descriptor META-INF/application.xml ...
 
       [cda] Creating descriptor META-INF/application-j2ee-engine.xml ...
       [cda] Adding module "htwberlin.de.tr119~tr_119_product~bl~caf~permissions.ump" with container type "com.sap.security.ume".
 
       [cda] Collecting modules ...
       [cda] Adding module 'htwberlin.de.tr119~tr_119_product~bl~caf~permissions.ump' from current development component
       [cda] Ant build file creation finished in 0.047 seconds
 
packDeployArchive:
 [srcpacker] Creating source archive
 [srcpacker] No sources available for packing, no archive will be created.
     [timer] Source archive creation finished in 0.032 seconds
 
    [jarsap] Info: JarSAP version 20090803.1000
    [jarsap] Info: JarSAPProcessing version 20090907.1000 / JarSL version 20100616.1800
    [jarsap] Building: C:\SAP\eclipse\workspace.jdi\LocalDevelopment\t2\851406D51194E19B8256E4ED7322C8B0\default\deploy\htwberlin.de.tr119~tr_119_product~bl~caf~permissions.ear with compression
     [timer] JarSAP finished in 0.031 seconds
 
 
build:
 
Ant runtime 0.203 seconds
 
Ant build finished OK
 
Build plugin finished at 2015-11-05 11:36:41 GMT+01:00 (CET)
Total build plugin runtime: 0.375 seconds
 
Build finished OK

==== Post-Processing ====   started at 2015-11-05 11:36:41.836 CET
Comparison of previous and actual build results took: 0 seconds

Copy the build results 
  from: C:\SAP\eclipse\workspace.jdi\LocalDevelopment\t2\851406D51194E19B8256E4ED7322C8B0\default\
  to:   C:\SAP\eclipse\workspace.jdi\LocalDevelopment\BPM_BEISPIEL\htwberlin.de.tr119\tr_119_product\bl\caf\permissions\_comp\gen\default\
