Development Component Build (2015-11-26 12:12:33 GMT+01:00 (CET))
  Component name: tr_119_product/bl/caf/ejbmodule
  Component vendor: htwberlin.de.tr119
  SC compartment: BPM_BEISPIEL
  Configuration: LocalDevelopment
  Location: localDevelopment
  Source code location: marcus@CE06863
  DC root folder: C:\SAP\eclipse\workspace.jdi\LocalDevelopment\BPM_BEISPIEL\htwberlin.de.tr119\tr_119_product\bl\caf\ejbmodule\_comp\
  DC type: J2EE
  DC subtype: EJBModule
  Host: CE06863

DC Model check:
   DC is available locally
   validating dependency to build plugin "sap.com/tc/bi/bp/ejbmodule"
   validating dependency to  public part "client" of DC "sap.com/caf/core/ear"
   validating dependency to  public part "gen_client" of DC "sap.com/caf/core/ear"
   validating dependency to  public part "api" of DC "sap.com/caf/runtime/ear"
   validating dependency to  public part "gen_api" of DC "sap.com/caf/runtime/ear"
   validating dependency to  public part "api" of DC "sap.com/engine.jee5.facade"
   validating dependency to  public part "api" of DC "sap.com/tc/bl/exception/lib"
   validating dependency to  public part "api" of DC "sap.com/tc/bl/jra/api"
   validating dependency to  public part "api" of DC "sap.com/tc/bl/logging/api"
   validating dependency to  public part "api" of DC "sap.com/tc/je/usermanagement/api"
   validating dependency to  public part "api" of DC "sap.com/tc/je/webservices/api"
   DC model check OK

Start build plugin:
   using build plugin: sap.com/tc/bi/bp/ejbmodule
   starting build plugin from : C:\SAP\eclipse\workspace.jdi\LocalDevelopment\SAP_BUILDT\sap.com\tc\bi\bp\ejbmodule\_comp\gen\default\public\ejb\



Build Plugin 'EJBModulePlugin', Version 7.30 SP 10 (NW731CORE_10_REL, built on 2013-10-17 15:30:37 +0200, CL166627)
   development component:  tr_119_product/bl/caf/ejbmodule (htwberlin.de.tr119)
      software component:  BPM_BEISPIEL (htwberlin.de.tr119)
                location:  localDevelopment
                    type:  J2EE, subtype EJBModule
           build variant:  default
         source location:  marcus@CE06863
         output location:  C:\SAP\eclipse\workspace.jdi\LocalDevelopment\t2\FB023BF0CD89FA5836B9161106B4BF88\default
       generation folder:  C:\SAP\eclipse\workspace.jdi\LocalDevelopment\t\FB023BF0CD89FA5836B9161106B4BF88
       plugin start time:  2015-11-26 12:12:33 GMT+01:00 (CET)
                 Java VM:  SAP Java Server VM, 6.1.007 (1.6, SAP AG)


General options:
  convert *.xlf to *.properties: yes
  include sources for debugging: yes
 


Package folder ".apt_generated" exists but is empty and will be ignored.
Checking path lengths for sources
Path length checks finished in 0.011 seconds
 
Preparing data context..
Using custom manifest file "ejbModule/META-INF/MANIFEST.MF"
Data context preparation finished in 0.024 seconds
 
Creating Ant build file..
  Creating output file: C:\SAP\eclipse\workspace.jdi\LocalDevelopment\t2\FB023BF0CD89FA5836B9161106B4BF88\default\logs\build.xml
  Using Java class:     com.sap.tc.buildplugin.BuildEJBModule
Build file creation finished in 0.048 seconds
 
Starting Ant..
  Using build file:     C:\SAP\eclipse\workspace.jdi\LocalDevelopment\t2\FB023BF0CD89FA5836B9161106B4BF88\default\logs\build.xml
  Using build target:   build
  Using Ant version:    1.7.1
 
compile:
      [echo] Starting Java compiler using the current JVM
      [echo] Settings:
      [echo]         debug: on
      [echo]      optimize: off
      [echo]   deprecation: default
      [echo]       verbose: default
      [echo]      encoding: UTF-8
      [echo]        source: default
      [echo]        target: default
      [echo]  source paths: 
      [echo]       C:\SAP\eclipse\workspace.jdi\LocalDevelopment\BPM_BEISPIEL\htwberlin.de.tr119\tr_119_product\bl\caf\ejbmodule\_comp\ejbModule
      [echo]       C:\SAP\eclipse\workspace.jdi\LocalDevelopment\BPM_BEISPIEL\htwberlin.de.tr119\tr_119_product\bl\caf\ejbmodule\_comp\src
      [echo]    class path:
      [echo]       C:\SAP\eclipse\workspace.jdi\LocalDevelopment\ENGFACADE\sap.com\tc\je\webservices\api\_comp\gen\default\public\api\lib\java\tc~je~webservices~api.jar
      [echo]       C:\SAP\eclipse\workspace.jdi\LocalDevelopment\CAF\sap.com\caf\runtime\ear\_comp\gen\default\public\gen_api\lib\java\sap.com~caf~runtime~ear~gen_api.jar
      [echo]       C:\SAP\eclipse\workspace.jdi\LocalDevelopment\CAF\sap.com\caf\core\ear\_comp\gen\default\public\client\lib\java\sap.com~caf~core~ear~client.jar
      [echo]       C:\SAP\eclipse\workspace.jdi\LocalDevelopment\CAF\sap.com\caf\runtime\ear\_comp\gen\default\public\api\lib\java\sap.com~caf~runtime~ear~api.jar
      [echo]       C:\SAP\eclipse\workspace.jdi\LocalDevelopment\ENGFACADE\sap.com\tc\bl\exception\lib\_comp\gen\default\public\api\lib\java\core.exception.lib.api.jar
      [echo]       C:\SAP\eclipse\workspace.jdi\LocalDevelopment\CAF\sap.com\caf\core\ear\_comp\gen\default\public\gen_client\lib\java\sap.com~caf~core~ear~gen_client.jar
      [echo]       C:\SAP\eclipse\workspace.jdi\LocalDevelopment\ENGFACADE\sap.com\tc\je\usermanagement\api\_comp\gen\default\public\api\lib\java\tc~je~usermanagement~api.jar
      [echo]       C:\SAP\eclipse\workspace.jdi\LocalDevelopment\ENGFACADE\sap.com\tc\bl\logging\api\_comp\gen\default\public\api\lib\java\tc~bl~logging~api~defaultttt.jar
      [echo]       C:\SAP\eclipse\workspace.jdi\LocalDevelopment\ENGFACADE\sap.com\tc\bl\jra\api\_comp\gen\default\public\api\lib\java\tc~bl~jra~api.jar
      [echo]       C:\SAP\eclipse\workspace.jdi\LocalDevelopment\ENGFACADE\sap.com\engine.jee5.facade\_comp\gen\default\public\api\lib\java\engine.jee5.facade.jar
      [echo]       C:\SAP\eclipse\workspace.jdi\LocalDevelopment\ENGFACADE\sap.com\engine.jee5.facade\_comp\gen\default\public\api\lib\java\jee5.facade.jar
      [echo]    output dir: C:\SAP\eclipse\workspace.jdi\LocalDevelopment\t\FB023BF0CD89FA5836B9161106B4BF88\classes
     [javac] Compiling 29 source files to C:\SAP\eclipse\workspace.jdi\LocalDevelopment\t\FB023BF0CD89FA5836B9161106B4BF88\classes
     [javac] WARNING: Note: C:\SAP\eclipse\workspace.jdi\LocalDevelopment\BPM_BEISPIEL\htwberlin.de.tr119\tr_119_product\bl\caf\ejbmodule\_comp\src\tr119\de\htwberlin\tr_119_product\bl\caf\modeled\bonode\tr_119_order\tr_119_order\TR_119_OrderBean.java uses or overrides a deprecated API.
     [javac] WARNING: Note: Recompile with -Xlint:deprecation for details.
     [timer] Java compilation finished in 0.95 seconds
 
      [echo] Start XLF conversion
  [xlf2prop] Found 0 XLF files to convert in folder "ejbModule"
  [xlf2prop] Found 0 XLF files to convert in folder "src"
     [timer] XLF conversion finished in 0.001 seconds
 
 
createPublicParts:
  [pppacker] Packing public part 'client'
  [pppacker] Packed  55 files for entity tr119 (Java Package Tree/Class, tr119/)
  [pppacker] Packed  27 files for entity tr119 (Java Package Tree/Source, tr119/)
  [pppacker] Packed 2 entities for public part 'client'
     [timer] Packing of public part 'client' finished in 0.094 seconds
 
  [pppacker] Packing public part 'ejbjar'
  [pppacker] Packed  72 files for entity htwberlin.de.tr119~tr_119_product~bl~caf~ejbmodule (EJB-JAR)
  [pppacker] Packed 1 entity for public part 'ejbjar'
     [timer] Packing of public part 'ejbjar' finished in 0.095 seconds
 
  [pppacker] Packing public part 'gen_client'
  [pppacker] Packed  13 files for entity META-INF (Folder Tree)
  [pppacker] Packed  59 files for entity tr119 (Java Package Tree/Class, tr119/)
  [pppacker] Packed  59 files for entity tr119.de.htwberlin.tr_119_product.bl.caf (Java Package Tree/Class, tr119/de/htwberlin/tr_119_product/bl/caf/)
  [pppacker] Packed  29 files for entity tr119 (Java Package Tree/Source, tr119/)
  [pppacker] Packed  29 files for entity tr119.de.htwberlin.tr_119_product.bl.caf (Java Package Tree/Source, tr119/de/htwberlin/tr_119_product/bl/caf/)
  [pppacker] Packed 5 entities for public part 'gen_client'
     [timer] Packing of public part 'gen_client' finished in 0.119 seconds
 
  [pppacker] Packing public part 'persistence'
  [pppacker] Packed   2 files for entity TR_119_OrderBO (Java Class/Class, tr119/de/htwberlin/tr_119_product/bl/caf/modeled/bonode/tr_119_order/tr_119_order/)
  [pppacker] Packed   1 file  for entity TR_119_OrderBO (Java Class/Source, tr119/de/htwberlin/tr_119_product/bl/caf/modeled/bonode/tr_119_order/tr_119_order/)
  [pppacker] Packed 2 entities for public part 'persistence'
     [timer] Packing of public part 'persistence' finished in 0.044 seconds
 
 
build:
 
Ant runtime 1.337 seconds
 
Ant build finished OK
 
Build plugin finished at 2015-11-26 12:12:35 GMT+01:00 (CET)
Total build plugin runtime: 1.698 seconds
 
Build finished with WARNING

==== Post-Processing ====   started at 2015-11-26 12:12:35.573 CET
Comparison of previous and actual build results took: 0.12 seconds

Copy the build results 
  from: C:\SAP\eclipse\workspace.jdi\LocalDevelopment\t2\FB023BF0CD89FA5836B9161106B4BF88\default\
  to:   C:\SAP\eclipse\workspace.jdi\LocalDevelopment\BPM_BEISPIEL\htwberlin.de.tr119\tr_119_product\bl\caf\ejbmodule\_comp\gen\default\

The build results of the following public parts were not copied, since they have not changed:
  ejbjar
  client
  persistence
  gen_client