Development Component Build (2015-11-03 10:50:17 GMT+01:00 (CET))
  Component name: bpm_beispiel_0/ui/vc
  Component vendor: htwberlin.de.tr119
  SC compartment: BPM_BEISPIEL
  Configuration: LocalDevelopment
  Location: localDevelopment
  Source code location: marcus@CE06863
  DC root folder: C:\SAP\eclipse\workspace.jdi\LocalDevelopment\BPM_BEISPIEL\htwberlin.de.tr119\bpm_beispiel_0\ui\vc\_comp\
  DC type: Visual Composer Composition Unit Interface
  Host: CE06863

DC Model check:
   DC is available locally
   validating dependency to build plugin "sap.com/tc/bi/bp/vc/interface"
   DC model check OK

Start build plugin:
   using build plugin: sap.com/tc/bi/bp/vc/interface
   starting build plugin from : C:\SAP\eclipse\workspace.jdi\LocalDevelopment\VTP_BUILDT\sap.com\tc\bi\bp\vc\interface\_comp\gen\default\public\def\



Build Plugin 'Visual Composer Interface', Version 7.10 SP 10 (NW731EXT_10_REL, built on 2013-10-17 19:06:54 +0200, CL166630)
   development component:  bpm_beispiel_0/ui/vc (htwberlin.de.tr119)
      software component:  BPM_BEISPIEL (htwberlin.de.tr119)
       support component:  Default
                location:  localDevelopment
                    type:  Visual Composer Composition Unit Interface
           build variant:  default
         source location:  marcus@CE06863
         output location:  C:\SAP\eclipse\workspace.jdi\LocalDevelopment\t2\2DB8F5012C9D093B1607EE8FE989437C\default
       generation folder:  C:\SAP\eclipse\workspace.jdi\LocalDevelopment\t\2DB8F5012C9D093B1607EE8FE989437C
       plugin start time:  2015-11-03 10:50:17 GMT+01:00 (CET)
                 Java VM:  SAP Java Server VM, 6.1.007 (1.6, SAP AG)


General options:
  convert *.xlf to *.properties: yes
  include sources for debugging: yes
 


Source folder "def/packages" exists but is empty and will be ignored.
 
Build plugin finished at 2015-11-03 10:50:17 GMT+01:00 (CET)
Total build plugin runtime: 0.281 seconds
 
Build finished with WARNING

==== Post-Processing ====   started at 2015-11-03 10:50:17.785 CET
Comparison of previous and actual build results took: 0.003 seconds

Copy the build results 
  from: C:\SAP\eclipse\workspace.jdi\LocalDevelopment\t2\2DB8F5012C9D093B1607EE8FE989437C\default\
  to:   C:\SAP\eclipse\workspace.jdi\LocalDevelopment\BPM_BEISPIEL\htwberlin.de.tr119\bpm_beispiel_0\ui\vc\_comp\gen\default\

The build results of the following public parts were not copied, since they have not changed:
  cde6f34e80ab11e58bbd00ffc49d1489