Development Component Build (2015-12-01 12:43:17 GMT+01:00 (CET))
  Component name: bpm_beispiel_0/bl/ejb
  Component vendor: htwberlin.de.tr119
  SC compartment: BPM_BEISPIEL
  Configuration: LocalDevelopment
  Location: localDevelopment
  Source code location: marcus@CE06863
  DC root folder: C:\SAP\eclipse\workspace.jdi\LocalDevelopment\BPM_BEISPIEL\htwberlin.de.tr119\bpm_beispiel_0\bl\ejb\_comp\
  DC type: J2EE
  DC subtype: EJBModule
  Host: CE06863

DC Model check:
   DC is available locally
   validating dependency to build plugin "sap.com/tc/bi/bp/ejbmodule"
   validating dependency to  public part "api" of DC "sap.com/engine.jee5.facade"
   DC model check OK

Start build plugin:
   using build plugin: sap.com/tc/bi/bp/ejbmodule
   starting build plugin from : C:\SAP\eclipse\workspace.jdi\LocalDevelopment\SAP_BUILDT\sap.com\tc\bi\bp\ejbmodule\_comp\gen\default\public\ejb\



Build Plugin 'EJBModulePlugin', Version 7.30 SP 10 (NW731CORE_10_REL, built on 2013-10-17 15:30:37 +0200, CL166627)
   development component:  bpm_beispiel_0/bl/ejb (htwberlin.de.tr119)
      software component:  BPM_BEISPIEL (htwberlin.de.tr119)
       support component:  Default
                location:  localDevelopment
                    type:  J2EE, subtype EJBModule
           build variant:  default
         source location:  marcus@CE06863
         output location:  C:\SAP\eclipse\workspace.jdi\LocalDevelopment\t2\03367B961C0E629D4A63CF9492AC2DDC\default
       generation folder:  C:\SAP\eclipse\workspace.jdi\LocalDevelopment\t\03367B961C0E629D4A63CF9492AC2DDC
       plugin start time:  2015-12-01 12:43:17 GMT+01:00 (CET)
                 Java VM:  SAP Java Server VM, 6.1.007 (1.6, SAP AG)


General options:
  convert *.xlf to *.properties: yes
  include sources for debugging: yes
 


Package folder ".apt_generated" exists but is empty and will be ignored.
Checking path lengths for sources
Path length checks finished in 0.003 seconds
 
Preparing data context..
Using custom manifest file "ejbModule/META-INF/MANIFEST.MF"
Data context preparation finished in 0.016 seconds
 
Creating Ant build file..
  Creating output file: C:\SAP\eclipse\workspace.jdi\LocalDevelopment\t2\03367B961C0E629D4A63CF9492AC2DDC\default\logs\build.xml
  Using Java class:     com.sap.tc.buildplugin.BuildEJBModule
Build file creation finished in 0.03 seconds
 
Starting Ant..
  Using build file:     C:\SAP\eclipse\workspace.jdi\LocalDevelopment\t2\03367B961C0E629D4A63CF9492AC2DDC\default\logs\build.xml
  Using build target:   build
  Using Ant version:    1.7.1
 
compile:
      [echo] Starting Java compiler using the current JVM
      [echo] Settings:
      [echo]         debug: on
      [echo]      optimize: off
      [echo]   deprecation: default
      [echo]       verbose: default
      [echo]      encoding: UTF-8
      [echo]        source: default
      [echo]        target: default
      [echo]   source path: C:\SAP\eclipse\workspace.jdi\LocalDevelopment\BPM_BEISPIEL\htwberlin.de.tr119\bpm_beispiel_0\bl\ejb\_comp\ejbModule
      [echo]    class path:
      [echo]       C:\SAP\eclipse\workspace.jdi\LocalDevelopment\ENGFACADE\sap.com\engine.jee5.facade\_comp\gen\default\public\api\lib\java\engine.jee5.facade.jar
      [echo]       C:\SAP\eclipse\workspace.jdi\LocalDevelopment\ENGFACADE\sap.com\engine.jee5.facade\_comp\gen\default\public\api\lib\java\jee5.facade.jar
      [echo]    output dir: C:\SAP\eclipse\workspace.jdi\LocalDevelopment\t\03367B961C0E629D4A63CF9492AC2DDC\classes
     [javac] Compiling 5 source files to C:\SAP\eclipse\workspace.jdi\LocalDevelopment\t\03367B961C0E629D4A63CF9492AC2DDC\classes
     [timer] Java compilation finished in 0.13 seconds
 
      [echo] Start XLF conversion
  [xlf2prop] Found 0 XLF files to convert in folder "ejbModule"
     [timer] XLF conversion finished in 0 seconds
 
 
createPublicParts:
  [pppacker] Packing public part 'client'
  [pppacker] Nothing packed for public part 'client'
     [timer] Packing of public part 'client' finished in 0.019 seconds
 
  [pppacker] Packing public part 'ejbjar'
  [pppacker] Packed  12 files for entity htwberlin.de.tr119~bpm_beispiel_0~bl~ejb (EJB-JAR)
  [pppacker] Packed 1 entity for public part 'ejbjar'
     [timer] Packing of public part 'ejbjar' finished in 0.052 seconds
 
 
build:
 
Ant runtime 0.224 seconds
 
Ant build finished OK
 
Build plugin finished at 2015-12-01 12:43:18 GMT+01:00 (CET)
Total build plugin runtime: 0.408 seconds
 
Build finished with WARNING

==== Post-Processing ====   started at 2015-12-01 12:43:18.224 CET
Comparison of previous and actual build results took: 0.012 seconds

Copy the build results 
  from: C:\SAP\eclipse\workspace.jdi\LocalDevelopment\t2\03367B961C0E629D4A63CF9492AC2DDC\default\
  to:   C:\SAP\eclipse\workspace.jdi\LocalDevelopment\BPM_BEISPIEL\htwberlin.de.tr119\bpm_beispiel_0\bl\ejb\_comp\gen\default\

The build results of the following public parts were not copied, since they have not changed:
  client