Development Component Build (2015-12-01 12:43:23 GMT+01:00 (CET))
  Component name: bpm_beispiel_0/bl/ear
  Component vendor: htwberlin.de.tr119
  SC compartment: BPM_BEISPIEL
  Configuration: LocalDevelopment
  Location: localDevelopment
  Source code location: marcus@CE06863
  DC root folder: C:\SAP\eclipse\workspace.jdi\LocalDevelopment\BPM_BEISPIEL\htwberlin.de.tr119\bpm_beispiel_0\bl\ear\_comp\
  DC type: J2EE
  DC subtype: Enterprise Application
  Host: CE06863

DC Model check:
   DC is available locally
   validating dependency to build plugin "sap.com/tc/bi/bp/enterpriseApplication"
   validating dependency to  public part "ejbjar" of DC "htwberlin.de.tr119/bpm_beispiel_0/bl/ejb"
   DC model check OK

Start build plugin:
   using build plugin: sap.com/tc/bi/bp/enterpriseApplication
   starting build plugin from : C:\SAP\eclipse\workspace.jdi\LocalDevelopment\SAP_BUILDT\sap.com\tc\bi\bp\enterpriseApplication\_comp\gen\default\public\enterpriseApplication\



Build Plugin 'EnterpriseApplicationPlugin', Version 7.30 SP 10 (NW731CORE_10_REL, built on 2013-10-17 15:29:42 +0200, CL166627)
   development component:  bpm_beispiel_0/bl/ear (htwberlin.de.tr119)
      software component:  BPM_BEISPIEL (htwberlin.de.tr119)
       support component:  Default
                location:  localDevelopment
                    type:  J2EE, subtype Enterprise Application
           build variant:  default
         source location:  marcus@CE06863
         output location:  C:\SAP\eclipse\workspace.jdi\LocalDevelopment\t2\9EBEC910FE988A45F590AACF5879FB0C\default
       generation folder:  C:\SAP\eclipse\workspace.jdi\LocalDevelopment\t\9EBEC910FE988A45F590AACF5879FB0C
       plugin start time:  2015-12-01 12:43:23 GMT+01:00 (CET)
                 Java VM:  SAP Java Server VM, 6.1.007 (1.6, SAP AG)


General options:
  convert *.xlf to *.properties: yes
  include sources for debugging: yes
 


Checking path lengths for sources
Path length checks finished in 0.001 seconds
 
Preparing data context..
Data context preparation finished in 0.01 seconds
 
Creating Ant build file..
  Creating output file: C:\SAP\eclipse\workspace.jdi\LocalDevelopment\t2\9EBEC910FE988A45F590AACF5879FB0C\default\logs\build.xml
  Using Java class:     com.sap.tc.buildplugin.BuildEnterpriseApplication
Target "createDeployArchive" has a dependency on "compile" but no such target exists. Dependency will be ignored.
Build file creation finished in 0.029 seconds
 
Starting Ant..
  Using build file:     C:\SAP\eclipse\workspace.jdi\LocalDevelopment\t2\9EBEC910FE988A45F590AACF5879FB0C\default\logs\build.xml
  Using build target:   build
  Using Ant version:    1.7.1
 
createDeployArchive:
       [cdu] Preparing archive for deploy unit "default"
       [cdu]   deployment type: "J2EE"
 
       [cdu] Creating Ant build file: C:\SAP\eclipse\workspace.jdi\LocalDevelopment\t2\9EBEC910FE988A45F590AACF5879FB0C\default\logs\buildDeployArchive.xml
 
       [cdu] Creating descriptor META-INF/sda-dd.xml ...
 
       [cdu] Skipping creation of application.xml for JEE5 archive.
 
       [cdu] Validating descriptor C:\SAP\eclipse\workspace.jdi\LocalDevelopment\BPM_BEISPIEL\htwberlin.de.tr119\bpm_beispiel_0\bl\ear\_comp\META-INF\application-j2ee-engine.xml
       [cdu] Setting provider name to "htwberlin.de.tr119".
 
       [cdu] Collecting modules ...
       [cdu] Adding module 'htwberlin.de.tr119~bpm_beispiel_0~bl~ejb.jar' from DC 'bpm_beispiel_0/bl/ejb' (vendor 'htwberlin.de.tr119'), public part 'ejbjar'
       [cdu] Ant build file creation finished in 0.045 seconds
 
packDeployArchive:
 [srcpacker] Creating source archive
 [srcpacker] Adding source archive from htwberlin.de.tr119~bpm_beispiel_0/bl/ejb
     [timer] Source archive creation finished in 0.026 seconds
 
    [jarsap] Info: JarSAP version 20090803.1000
    [jarsap] Info: JarSAPProcessing version 20090907.1000 / JarSL version 20100616.1800
    [jarsap] Building: C:\SAP\eclipse\workspace.jdi\LocalDevelopment\t2\9EBEC910FE988A45F590AACF5879FB0C\default\deploy\htwberlin.de.tr119~bpm_beispiel_0~bl~ear.ear with compression
     [timer] JarSAP finished in 0.017 seconds
 
 
build:
 
Ant runtime 0.119 seconds
 
Ant build finished OK
 
Build plugin finished at 2015-12-01 12:43:24 GMT+01:00 (CET)
Total build plugin runtime: 0.293 seconds
 
Build finished OK

==== Post-Processing ====   started at 2015-12-01 12:43:24.193 CET
Comparison of previous and actual build results took: 0 seconds

Copy the build results 
  from: C:\SAP\eclipse\workspace.jdi\LocalDevelopment\t2\9EBEC910FE988A45F590AACF5879FB0C\default\
  to:   C:\SAP\eclipse\workspace.jdi\LocalDevelopment\BPM_BEISPIEL\htwberlin.de.tr119\bpm_beispiel_0\bl\ear\_comp\gen\default\
