Development Component Build (2015-11-26 12:11:38 GMT+01:00 (CET))
  Component name: bpm_beispiel_0/ui/vc_impl
  Component vendor: htwberlin.de.tr119
  SC compartment: BPM_BEISPIEL
  Configuration: LocalDevelopment
  Location: localDevelopment
  Source code location: marcus@CE06863
  DC root folder: C:\SAP\eclipse\workspace.jdi\LocalDevelopment\BPM_BEISPIEL\htwberlin.de.tr119\bpm_beispiel_0\ui\vc_impl\_comp\
  DC type: Visual Composer Composition Unit Implementation
  Host: CE06863

DC Model check:
   DC is available locally
   validating dependency to build plugin "sap.com/tc/bi/bp/vc/component"
   validating dependency to used DC "htwberlin.de.tr119/bpm_beispiel_0/ui/vc"
   validating dependency to used DC "sap.com/com.sap.vc.wdrunprv"
   validating dependency to used DC "sap.com/tc/wd4vc/launcher"
   DC model check OK

Start build plugin:
   using build plugin: sap.com/tc/bi/bp/vc/component
   starting build plugin from : C:\SAP\eclipse\workspace.jdi\LocalDevelopment\VTP_BUILDT\sap.com\tc\bi\bp\vc\component\_comp\gen\default\public\def\



Build Plugin 'Visual Composer Component', Version 7.10 SP 10 (NW731EXT_10_REL, built on 2013-10-17 19:06:58 +0200, CL166630)
   development component:  bpm_beispiel_0/ui/vc_impl (htwberlin.de.tr119)
      software component:  BPM_BEISPIEL (htwberlin.de.tr119)
       support component:  Default
                location:  localDevelopment
                    type:  Visual Composer Composition Unit Implementation
           build variant:  default
         source location:  marcus@CE06863
         output location:  C:\SAP\eclipse\workspace.jdi\LocalDevelopment\t2\98D014E113F5785CB136C8FAC82F0C3F\default
       generation folder:  C:\SAP\eclipse\workspace.jdi\LocalDevelopment\t\98D014E113F5785CB136C8FAC82F0C3F
       plugin start time:  2015-11-26 12:11:39 GMT+01:00 (CET)
                 Java VM:  SAP Java Server VM, 6.1.007 (1.6, SAP AG)


General options:
  convert *.xlf to *.properties: yes
  include sources for debugging: yes
 


Source folder "def/packages" exists but is empty and will be ignored.
Checking path lengths for sources
Path length checks finished in 0.053 seconds
 
Preparing data context..
Data context preparation finished in 0.068 seconds
 
Creating Ant build file..
  Creating output file: C:\SAP\eclipse\workspace.jdi\LocalDevelopment\t2\98D014E113F5785CB136C8FAC82F0C3F\default\logs\prebuild.xml
  Using macro file:     C:\SAP\eclipse\workspace.jdi\LocalDevelopment\VTP_BUILDT\sap.com\tc\bi\bp\vc\component\_comp\gen\default\public\def\macros\prebuild.vm
No build file generated.
Build file creation finished in 0.063 seconds
Build file C:\SAP\eclipse\workspace.jdi\LocalDevelopment\t2\98D014E113F5785CB136C8FAC82F0C3F\default\logs\prebuild.xml does not exist, skipping Ant execution.
 
Creating Ant build file..
  Creating output file: C:\SAP\eclipse\workspace.jdi\LocalDevelopment\t2\98D014E113F5785CB136C8FAC82F0C3F\default\logs\build.xml
  Using macro file:     C:\SAP\eclipse\workspace.jdi\LocalDevelopment\VTP_BUILDT\sap.com\tc\bi\bp\vc\component\_comp\gen\default\public\def\macros\build.vm
Build file creation finished in 0.026 seconds
 
Starting Ant..
  Using build file:     C:\SAP\eclipse\workspace.jdi\LocalDevelopment\t2\98D014E113F5785CB136C8FAC82F0C3F\default\logs\build.xml
  Using build target:   build
  Using Ant version:    1.7.1
 
gen_vc:
      [echo] Starting VisualComposer model generator
     [vcgen] DC Vendor : htwberlin.de.tr119
     [vcgen] DC Name : bpm_beispiel_0/ui/vc_impl
     [vcgen] SC Vendor Name : htwberlin.de.tr119
     [vcgen] SC Name : BPM_BEISPIEL
     [vcgen] Source path : C:\SAP\eclipse\workspace.jdi\LocalDevelopment\BPM_BEISPIEL\htwberlin.de.tr119\bpm_beispiel_0\ui\vc_impl\_comp\src\packages
     [vcgen] Public part jars initialized
     [vcgen] Modules path : C:\SAP\eclipse\workspace.jdi\LocalDevelopment\t\98D014E113F5785CB136C8FAC82F0C3F\vcmodules
     [vcgen] Visual Composer ANT Task invoked successfully!
     [vcgen] Pattern Descriptor found : jar:file:/C:/SAP/eclipse/workspace.jdi/LocalDevelopment/VCFREESTYLEKIT/sap.com/com.sap.vc.wdrunprv/_comp/gen/default/public/api/lib/java/sap.com~com.sap.vc.wdrunprv~api.jar!/PatternDescriptor.xml
     [timer] VisualComposer model generator finished in 1.014 seconds
 
 
createDeployArchive:
       [cda] Preparing archive for deploy unit "default"
       [cda]   deployment type: "J2EE"
       [cda]   explicit modules:
       [cda]     C:\SAP\eclipse\workspace.jdi\LocalDevelopment\t\98D014E113F5785CB136C8FAC82F0C3F\vcmodules\htwberlin.de.tr119~bpm_beispiel_0~ui~vc_impl.war
       [cda]   deploy options:
       [cda]     update-descriptors = true
 
       [cda] Creating Ant build file: C:\SAP\eclipse\workspace.jdi\LocalDevelopment\t2\98D014E113F5785CB136C8FAC82F0C3F\default\logs\buildDeployArchive.xml
 
 
       [cda] Creating descriptor META-INF/application.xml ...
 
       [cda] Creating descriptor META-INF/application-j2ee-engine.xml ...
 
       [cda] Collecting modules ...
       [cda] Adding module 'htwberlin.de.tr119~bpm_beispiel_0~ui~vc_impl.war' from current development component
       [cda] Ant build file creation finished in 0.16 seconds
 
packDeployArchive:
 [srcpacker] Creating source archive
 [srcpacker] No sources available for packing, no archive will be created.
     [timer] Source archive creation finished in 0.054 seconds
 
    [jarsap] Info: JarSAP version 20090803.1000
    [jarsap] Info: JarSAPProcessing version 20090907.1000 / JarSL version 20100616.1800
    [jarsap] Building: C:\SAP\eclipse\workspace.jdi\LocalDevelopment\t2\98D014E113F5785CB136C8FAC82F0C3F\default\deploy\htwberlin.de.tr119~bpm_beispiel_0~ui~vc_impl.ear with compression
     [timer] JarSAP finished in 0.029 seconds
 
 
createPublicParts:
  [pppacker] Packing public part 'default'
  [pppacker] Nothing packed for public part 'default'
     [timer] Packing of public part 'default' finished in 0.095 seconds
 
 
build:
 
Ant runtime 1.607 seconds
 
Ant build finished OK
 
Build plugin finished at 2015-11-26 12:11:41 GMT+01:00 (CET)
Total build plugin runtime: 2.249 seconds
 
Build finished with WARNING

==== Post-Processing ====   started at 2015-11-26 12:11:41.457 CET
Comparison of previous and actual build results took: 0.005 seconds

Copy the build results 
  from: C:\SAP\eclipse\workspace.jdi\LocalDevelopment\t2\98D014E113F5785CB136C8FAC82F0C3F\default\
  to:   C:\SAP\eclipse\workspace.jdi\LocalDevelopment\BPM_BEISPIEL\htwberlin.de.tr119\bpm_beispiel_0\ui\vc_impl\_comp\gen\default\

The build results of the following public parts were not copied, since they have not changed:
  default