Development Component Build (2015-11-01 19:58:44 GMT+01:00 (CET))
  Component name: bpm_beispiel
  Component vendor: htwberlin.de.tr119
  SC compartment: BPM_BEISPIEL
  Configuration: LocalDevelopment
  Location: localDevelopment
  Source code location: marcus@CE06863
  DC root folder: C:\SAP\eclipse\workspace.jdi\LocalDevelopment\BPM_BEISPIEL\htwberlin.de.tr119\bpm_beispiel\_comp\
  DC type: Software Component Description
  Host: CE06863

DC Model check:
   DC is available locally
   validating dependency to build plugin "sap.com/tc/bi/bp/scdef"
   DC model check OK

Start build plugin:
   using build plugin: sap.com/tc/bi/bp/scdef
   starting build plugin from : C:\SAP\eclipse\workspace.jdi\LocalDevelopment\SAP_BUILDT\sap.com\tc\bi\bp\scdef\_comp\gen\default\public\def\



Build Plugin 'sap.com/tc/bi/bp/scdef', Version 7.30 SP 10 (NW731CORE_10_REL, built on 2013-10-17 15:30:45 +0200, CL166627)
   development component:  bpm_beispiel (htwberlin.de.tr119)
      software component:  BPM_BEISPIEL (htwberlin.de.tr119)
       support component:  NONE
                location:  localDevelopment
                    type:  Software Component Description
           build variant:  default
         source location:  marcus@CE06863
         output location:  C:\SAP\eclipse\workspace.jdi\LocalDevelopment\t2\290DCD3BA7E76A56114E316EE6CA25EC\default
       generation folder:  C:\SAP\eclipse\workspace.jdi\LocalDevelopment\t\290DCD3BA7E76A56114E316EE6CA25EC
       plugin start time:  2015-11-01 19:58:44 GMT+01:00 (CET)
                 Java VM:  SAP Java Server VM, 6.1.007 (1.6, SAP AG)


General options:
  convert *.xlf to *.properties: yes
  include sources for debugging: yes
 


Checking path lengths for sources
Path length checks finished in 0 seconds
 
Preparing data context..
Data context preparation finished in 0.016 seconds
 
Creating Ant build file..
  Creating output file: C:\SAP\eclipse\workspace.jdi\LocalDevelopment\t2\290DCD3BA7E76A56114E316EE6CA25EC\default\logs\build.xml
  Using Java class:     com.sap.tc.buildplugin.scdef.ScdefBuildFileCreator
  +++ com.sap.tc.buildplugin.scdef.ScdefBuildFileCreator: chainName: sap.com~sl.scdef_chain
  +++ forcing SDA creation, DC does not contain complete product model
Build file creation finished in 0.031 seconds
 
Starting Ant..
  Using build file:     C:\SAP\eclipse\workspace.jdi\LocalDevelopment\t2\290DCD3BA7E76A56114E316EE6CA25EC\default\logs\build.xml
  Using build target:   build
  Using Ant version:    1.7.1
 
translate:
      [echo] +++ com.sap.tc.buildplugin.scdef.ScdefTaskGenerator: taskName: ScdefGeneratorTask
      [echo] localContext: com.sap.tc.buildplugin.util.DataContext@1ba9239
      [echo] inputPaths: {compile_pp=[], source=[C:\SAP\eclipse\workspace.jdi\LocalDevelopment\BPM_BEISPIEL\htwberlin.de.tr119\bpm_beispiel\_comp\src]}
      [echo] outputPaths: {default=C:\SAP\eclipse\workspace.jdi\LocalDevelopment\t\290DCD3BA7E76A56114E316EE6CA25EC\testoutput, packdir=C:\SAP\eclipse\workspace.jdi\LocalDevelopment\t\290DCD3BA7E76A56114E316EE6CA25EC\sld_pack01, tempdir=C:\SAP\eclipse\workspace.jdi\LocalDevelopment\t\290DCD3BA7E76A56114E316EE6CA25EC\sld_temp01}
      [echo] usedPaths: {}
      [echo] parameters: {outputFolderName=testoutput}
      [echo] File(source): C:\SAP\eclipse\workspace.jdi\LocalDevelopment\BPM_BEISPIEL\htwberlin.de.tr119\bpm_beispiel\_comp\src
[ScdefGeneratorTask] Executing inside of com.sap.tc.buildplugin.scdef.ScdefValidator...
[ScdefGeneratorTask] packDir: C:\SAP\eclipse\workspace.jdi\LocalDevelopment\t\290DCD3BA7E76A56114E316EE6CA25EC\sld_pack01
[ScdefGeneratorTask] tempDir: C:\SAP\eclipse\workspace.jdi\LocalDevelopment\t\290DCD3BA7E76A56114E316EE6CA25EC\sld_temp01
 
createPublicParts:
  [pppacker] Packing public part 'default'
  [pppacker] Packed   1 file  for entity / (Folder)
  [pppacker] Packed 1 entity for public part 'default'
     [timer] Packing of public part 'default' finished in 0.031 seconds
 
 
createDeployArchive:
       [cda] Preparing archive for deploy unit "default"
       [cda]   deployment type: "CONTENT" / "SL-SDA"
       [cda]   deploy options:
       [cda]     software-type = CONTENT
       [cda]     software-subtype = SL-SDA
 
       [cda] Creating Ant build file: C:\SAP\eclipse\workspace.jdi\LocalDevelopment\t2\290DCD3BA7E76A56114E316EE6CA25EC\default\logs\buildDeployArchive.xml
 
 
       [cda] Collecting modules ...
       [cda] Ant build file creation finished in 0.031 seconds
 
packDeployArchive:
 [srcpacker] Creating source archive
 [srcpacker] No sources available for packing, no archive will be created.
     [timer] Source archive creation finished in 0.031 seconds
 
    [jarsap] Info: JarSAP version 20090803.1000
    [jarsap] Info: JarSAPProcessing version 20090907.1000 / JarSL version 20100616.1800
    [jarsap] Building: C:\SAP\eclipse\workspace.jdi\LocalDevelopment\t2\290DCD3BA7E76A56114E316EE6CA25EC\default\deploy\htwberlin.de.tr119~bpm_beispiel.sda with compression
     [timer] JarSAP finished in 0.016 seconds
 
 
build:
 
Ant runtime 0.453 seconds
 
Ant build finished OK
 
Build plugin finished at 2015-11-01 19:58:45 GMT+01:00 (CET)
Total build plugin runtime: 0.719 seconds
 
Build finished OK

==== Post-Processing ====   started at 2015-11-01 19:58:45.318 CET
Comparison of previous and actual build results took: 0.015 seconds

Copy the build results 
  from: C:\SAP\eclipse\workspace.jdi\LocalDevelopment\t2\290DCD3BA7E76A56114E316EE6CA25EC\default\
  to:   C:\SAP\eclipse\workspace.jdi\LocalDevelopment\BPM_BEISPIEL\htwberlin.de.tr119\bpm_beispiel\_comp\gen\default\
