Development Component Build (2015-10-19 10:13:54 GMT+01:00 (CEST))
  Component name: bpm_beispiel_0/bl/ear
  Component vendor: demo.050112.com
  SC compartment: BPM_BEISPIEL
  Configuration: LocalDevelopment
  Location: localDevelopment
  Source code location: marcus@CE06863
  DC root folder: C:\SAP\eclipse\workspace.jdi\LocalDevelopment\BPM_BEISPIEL\demo.050112.com\bpm_beispiel_0\bl\ear\_comp\
  DC type: J2EE
  DC subtype: Enterprise Application
  Host: CE06863

DC Model check:
   DC is available locally
   validating dependency to build plugin "sap.com/tc/bi/bp/enterpriseApplication"
   validating dependency to  public part "ejbjar" of DC "demo.050112.com/bpm_beispiel_0/bl/ejb"
   DC model check OK

Start build plugin:
   using build plugin: sap.com/tc/bi/bp/enterpriseApplication
   starting build plugin from : C:\SAP\eclipse\workspace.jdi\LocalDevelopment\SAP_BUILDT\sap.com\tc\bi\bp\enterpriseApplication\_comp\gen\default\public\enterpriseApplication\



Build Plugin 'EnterpriseApplicationPlugin', Version 7.30 SP 10 (NW731CORE_10_REL, built on 2013-10-17 15:29:42 +0200, CL166627)
   development component:  bpm_beispiel_0/bl/ear (demo.050112.com)
      software component:  BPM_BEISPIEL (demo.050112.com)
       support component:  Default
                location:  localDevelopment
                    type:  J2EE, subtype Enterprise Application
           build variant:  default
         source location:  marcus@CE06863
         output location:  C:\SAP\eclipse\workspace.jdi\LocalDevelopment\t2\69E63E121B4E54A6387843D31EB9F817\default
       generation folder:  C:\SAP\eclipse\workspace.jdi\LocalDevelopment\t\69E63E121B4E54A6387843D31EB9F817
       plugin start time:  2015-10-19 10:13:54 GMT+02:00 (CEST)
                 Java VM:  SAP Java Server VM, 6.1.007 (1.6, SAP AG)


General options:
  convert *.xlf to *.properties: yes
  include sources for debugging: yes
 


Checking path lengths for sources
Path length checks finished in 0 seconds
 
Preparing data context..
Data context preparation finished in 0.031 seconds
 
Creating Ant build file..
  Creating output file: C:\SAP\eclipse\workspace.jdi\LocalDevelopment\t2\69E63E121B4E54A6387843D31EB9F817\default\logs\build.xml
  Using Java class:     com.sap.tc.buildplugin.BuildEnterpriseApplication
Target "createDeployArchive" has a dependency on "compile" but no such target exists. Dependency will be ignored.
Build file creation finished in 0.125 seconds
 
Starting Ant..
  Using build file:     C:\SAP\eclipse\workspace.jdi\LocalDevelopment\t2\69E63E121B4E54A6387843D31EB9F817\default\logs\build.xml
  Using build target:   build
  Using Ant version:    1.7.1
 
createDeployArchive:
       [cdu] Preparing archive for deploy unit "default"
       [cdu]   deployment type: "J2EE"
 
       [cdu] Creating Ant build file: C:\SAP\eclipse\workspace.jdi\LocalDevelopment\t2\69E63E121B4E54A6387843D31EB9F817\default\logs\buildDeployArchive.xml
 
       [cdu] Creating descriptor META-INF/sda-dd.xml ...
 
       [cdu] Skipping creation of application.xml for JEE5 archive.
 
       [cdu] Validating descriptor C:\SAP\eclipse\workspace.jdi\LocalDevelopment\BPM_BEISPIEL\demo.050112.com\bpm_beispiel_0\bl\ear\_comp\META-INF\application-j2ee-engine.xml
       [cdu] Setting provider name to "demo.050112.com".
 
       [cdu] Collecting modules ...
       [cdu] Adding module 'demo.050112.com~bpm_beispiel_0~bl~ejb.jar' from DC 'bpm_beispiel_0/bl/ejb' (vendor 'demo.050112.com'), public part 'ejbjar'
       [cdu] Ant build file creation finished in 0.172 seconds
 
packDeployArchive:
 [srcpacker] Creating source archive
 [srcpacker] Adding source archive from demo.050112.com~bpm_beispiel_0/bl/ejb
     [timer] Source archive creation finished in 0.094 seconds
 
    [jarsap] Info: JarSAP version 20090803.1000
    [jarsap] Info: JarSAPProcessing version 20090907.1000 / JarSL version 20100616.1800
    [jarsap] Building: C:\SAP\eclipse\workspace.jdi\LocalDevelopment\t2\69E63E121B4E54A6387843D31EB9F817\default\deploy\demo.050112.com~bpm_beispiel_0~bl~ear.ear with compression
     [timer] JarSAP finished in 0.361 seconds
 
 
build:
 
Ant runtime 0.829 seconds
 
Ant build finished OK
 
Build plugin finished at 2015-10-19 10:13:56 GMT+02:00 (CEST)
Total build plugin runtime: 1.469 seconds
 
Build finished OK

==== Post-Processing ====   started at 2015-10-19 10:13:56.127 CEST
Comparison of previous and actual build results took: 0 seconds

Copy the build results 
  from: C:\SAP\eclipse\workspace.jdi\LocalDevelopment\t2\69E63E121B4E54A6387843D31EB9F817\default\
  to:   C:\SAP\eclipse\workspace.jdi\LocalDevelopment\BPM_BEISPIEL\demo.050112.com\bpm_beispiel_0\bl\ear\_comp\gen\default\
